#
# There is insufficient memory for the Java Runtime Environment to continue.
# Native memory allocation (malloc) failed to allocate 65552 bytes for Chunk::new
# Possible reasons:
#   The system is out of physical RAM or swap space
#   In 32 bit mode, the process size limit was hit
# Possible solutions:
#   Reduce memory load on the system
#   Increase physical memory or swap space
#   Check if swap backing store is full
#   Use 64 bit Java on a 64 bit OS
#   Decrease Java heap size (-Xmx/-Xms)
#   Decrease number of Java threads
#   Decrease Java thread stack sizes (-Xss)
#   Set larger code cache with -XX:ReservedCodeCacheSize=
# This output file may be truncated or incomplete.
#
#  Out of Memory Error (allocation.cpp:390), pid=10732, tid=0x0000000000002534
#
# JRE version: Java(TM) SE Runtime Environment (8.0_131-b11) (build 1.8.0_131-b11)
# Java VM: Java HotSpot(TM) 64-Bit Server VM (25.131-b11 mixed mode windows-amd64 compressed oops)
# Failed to write core dump. Minidumps are not enabled by default on client versions of Windows
#

---------------  T H R E A D  ---------------

Current thread (0x0000000055edd000):  JavaThread "C2 CompilerThread1" daemon [_thread_in_native, id=9524, stack(0x0000000056890000,0x0000000056990000)]

Stack: [0x0000000056890000,0x0000000056990000]
[error occurred during error reporting (printing stack bounds), id 0xc0000005]

Native frames: (J=compiled Java code, j=interpreted, Vv=VM code, C=native code)


Current CompileTask:
C2:  46517 1420       4       com.android.dx.ssa.SsaRenamer$BlockRenamer$RenamingMapper::map (28 bytes)


---------------  P R O C E S S  ---------------

Java Threads: ( => current thread )
  0x00000000561c1800 JavaThread "pool-1-thread-4" [_thread_blocked, id=10808, stack(0x0000000057680000,0x0000000057780000)]
  0x00000000561c1000 JavaThread "pool-1-thread-3" [_thread_blocked, id=8272, stack(0x00000000574f0000,0x00000000575f0000)]
  0x00000000561ba000 JavaThread "pool-1-thread-2" [_thread_blocked, id=9512, stack(0x00000000572d0000,0x00000000573d0000)]
  0x00000000561b9000 JavaThread "pool-2-thread-1" [_thread_blocked, id=8688, stack(0x00000000570d0000,0x00000000571d0000)]
  0x00000000561b5000 JavaThread "pool-1-thread-1" [_thread_blocked, id=7728, stack(0x0000000056ed0000,0x0000000056fd0000)]
  0x0000000055f4b000 JavaThread "Service Thread" daemon [_thread_blocked, id=8324, stack(0x0000000056780000,0x0000000056880000)]
  0x0000000055ede000 JavaThread "C1 CompilerThread2" daemon [_thread_blocked, id=4192, stack(0x0000000056a00000,0x0000000056b00000)]
=>0x0000000055edd000 JavaThread "C2 CompilerThread1" daemon [_thread_in_native, id=9524, stack(0x0000000056890000,0x0000000056990000)]
  0x0000000054bbf000 JavaThread "C2 CompilerThread0" daemon [_thread_in_native, id=1140, stack(0x00000000565e0000,0x00000000566e0000)]
  0x0000000055eca800 JavaThread "Attach Listener" daemon [_thread_blocked, id=4112, stack(0x0000000056410000,0x0000000056510000)]
  0x0000000054bae000 JavaThread "Signal Dispatcher" daemon [_thread_blocked, id=8808, stack(0x00000000562d0000,0x00000000563d0000)]
  0x0000000054b99800 JavaThread "Finalizer" daemon [_thread_blocked, id=10576, stack(0x0000000055b20000,0x0000000055c20000)]
  0x0000000054b52800 JavaThread "Reference Handler" daemon [_thread_blocked, id=8136, stack(0x0000000055dc0000,0x0000000055ec0000)]
  0x000000000211f800 JavaThread "main" [_thread_in_native, id=8280, stack(0x0000000002180000,0x0000000002280000)]

Other Threads:
  0x0000000054b4b000 VMThread [stack: 0x0000000055c30000,0x0000000055d30000] [id=2840]
  0x0000000055ee7800 WatcherThread [stack: 0x0000000056b20000,0x0000000056c20000] [id=10604]

VM state:not at safepoint (normal execution)

VM Mutex/Monitor currently owned by a thread: None

Heap:
 PSYoungGen      total 18432K, used 12071K [0x00000000eab00000, 0x00000000ecf00000, 0x0000000100000000)
  eden space 15872K, 59% used [0x00000000eab00000,0x00000000eb44bcd0,0x00000000eba80000)
  from space 2560K, 99% used [0x00000000eba80000,0x00000000ebcfe010,0x00000000ebd00000)
  to   space 2560K, 0% used [0x00000000ecc80000,0x00000000ecc80000,0x00000000ecf00000)
 ParOldGen       total 42496K, used 6449K [0x00000000c0000000, 0x00000000c2980000, 0x00000000eab00000)
  object space 42496K, 15% used [0x00000000c0000000,0x00000000c064c4d8,0x00000000c2980000)
 Metaspace       used 6487K, capacity 7192K, committed 7424K, reserved 1060864K
  class space    used 637K, capacity 656K, committed 768K, reserved 1048576K

Card table byte_map: [0x0000000011640000,0x0000000011850000] byte_map_base: 0x0000000011040000

Marking Bits: (ParMarkBitMap*) 0x0000000063cbc720
 Begin Bits: [0x0000000011fc0000, 0x0000000012fc0000)
 End Bits:   [0x0000000012fc0000, 0x0000000013fc0000)

Polling page: 0x00000000001b0000

CodeCache: size=245760Kb used=6464Kb max_used=6464Kb free=239295Kb
 bounds [0x0000000002280000, 0x00000000028e0000, 0x0000000011280000]
 total_blobs=1719 nmethods=1443 adapters=189
 compilation: enabled

Compilation events (10 events):
Event: 46.379 Thread 0x0000000055ede000 1472       3       com.android.dx.ssa.MoveParamCombiner::process (12 bytes)
Event: 46.379 Thread 0x0000000055ede000 nmethod 1472 0x00000000028d1050 code [0x00000000028d11c0, 0x00000000028d1448]
Event: 46.379 Thread 0x0000000055ede000 1474       3       com.android.dx.rop.code.LocalVariableInfo::<init> (82 bytes)
Event: 46.380 Thread 0x0000000055ede000 nmethod 1474 0x00000000028d1550 code [0x00000000028d17a0, 0x00000000028d2508]
Event: 46.380 Thread 0x0000000055ede000 1475       3       com.android.dx.ssa.SsaInsn::makeFromRop (10 bytes)
Event: 46.380 Thread 0x0000000055ede000 nmethod 1475 0x00000000028d2ad0 code [0x00000000028d2c60, 0x00000000028d30e8]
Event: 46.380 Thread 0x0000000055ede000 1468       3       com.android.dx.ssa.NormalSsaInsn::isMoveException (20 bytes)
Event: 46.381 Thread 0x0000000055ede000 nmethod 1468 0x00000000028d3350 code [0x00000000028d34c0, 0x00000000028d37b0]
Event: 46.381 Thread 0x0000000055ede000 1462       3       com.android.dx.rop.code.RegisterSpec::make (21 bytes)
Event: 46.381 Thread 0x0000000055ede000 nmethod 1462 0x00000000028d3890 code [0x00000000028d3a00, 0x00000000028d3c58]

GC Heap History (6 events):
Event: 41.845 GC heap before
{Heap before GC invocations=1 (full 0):
 PSYoungGen      total 18432K, used 15872K [0x00000000eab00000, 0x00000000ebf80000, 0x0000000100000000)
  eden space 15872K, 100% used [0x00000000eab00000,0x00000000eba80000,0x00000000eba80000)
  from space 2560K, 0% used [0x00000000ebd00000,0x00000000ebd00000,0x00000000ebf80000)
  to   space 2560K, 0% used [0x00000000eba80000,0x00000000eba80000,0x00000000ebd00000)
 ParOldGen       total 42496K, used 0K [0x00000000c0000000, 0x00000000c2980000, 0x00000000eab00000)
  object space 42496K, 0% used [0x00000000c0000000,0x00000000c0000000,0x00000000c2980000)
 Metaspace       used 5862K, capacity 6680K, committed 6912K, reserved 1058816K
  class space    used 632K, capacity 656K, committed 768K, reserved 1048576K
Event: 42.247 GC heap after
Heap after GC invocations=1 (full 0):
 PSYoungGen      total 18432K, used 2559K [0x00000000eab00000, 0x00000000ebf80000, 0x0000000100000000)
  eden space 15872K, 0% used [0x00000000eab00000,0x00000000eab00000,0x00000000eba80000)
  from space 2560K, 99% used [0x00000000eba80000,0x00000000ebcffce8,0x00000000ebd00000)
  to   space 2560K, 0% used [0x00000000ebd00000,0x00000000ebd00000,0x00000000ebf80000)
 ParOldGen       total 42496K, used 1514K [0x00000000c0000000, 0x00000000c2980000, 0x00000000eab00000)
  object space 42496K, 3% used [0x00000000c0000000,0x00000000c017aa90,0x00000000c2980000)
 Metaspace       used 5862K, capacity 6680K, committed 6912K, reserved 1058816K
  class space    used 632K, capacity 656K, committed 768K, reserved 1048576K
}
Event: 42.872 GC heap before
{Heap before GC invocations=2 (full 0):
 PSYoungGen      total 18432K, used 18431K [0x00000000eab00000, 0x00000000ebf80000, 0x0000000100000000)
  eden space 15872K, 100% used [0x00000000eab00000,0x00000000eba80000,0x00000000eba80000)
  from space 2560K, 99% used [0x00000000eba80000,0x00000000ebcffce8,0x00000000ebd00000)
  to   space 2560K, 0% used [0x00000000ebd00000,0x00000000ebd00000,0x00000000ebf80000)
 ParOldGen       total 42496K, used 1514K [0x00000000c0000000, 0x00000000c2980000, 0x00000000eab00000)
  object space 42496K, 3% used [0x00000000c0000000,0x00000000c017aa90,0x00000000c2980000)
 Metaspace       used 6264K, capacity 7000K, committed 7168K, reserved 1060864K
  class space    used 636K, capacity 656K, committed 768K, reserved 1048576K
Event: 42.918 GC heap after
Heap after GC invocations=2 (full 0):
 PSYoungGen      total 18432K, used 2552K [0x00000000eab00000, 0x00000000ecf00000, 0x0000000100000000)
  eden space 15872K, 0% used [0x00000000eab00000,0x00000000eab00000,0x00000000eba80000)
  from space 2560K, 99% used [0x00000000ebd00000,0x00000000ebf7e078,0x00000000ebf80000)
  to   space 2560K, 0% used [0x00000000eba80000,0x00000000eba80000,0x00000000ebd00000)
 ParOldGen       total 42496K, used 3931K [0x00000000c0000000, 0x00000000c2980000, 0x00000000eab00000)
  object space 42496K, 9% used [0x00000000c0000000,0x00000000c03d6fc8,0x00000000c2980000)
 Metaspace       used 6264K, capacity 7000K, committed 7168K, reserved 1060864K
  class space    used 636K, capacity 656K, committed 768K, reserved 1048576K
}
Event: 45.648 GC heap before
{Heap before GC invocations=3 (full 0):
 PSYoungGen      total 18432K, used 18424K [0x00000000eab00000, 0x00000000ecf00000, 0x0000000100000000)
  eden space 15872K, 100% used [0x00000000eab00000,0x00000000eba80000,0x00000000eba80000)
  from space 2560K, 99% used [0x00000000ebd00000,0x00000000ebf7e078,0x00000000ebf80000)
  to   space 2560K, 0% used [0x00000000eba80000,0x00000000eba80000,0x00000000ebd00000)
 ParOldGen       total 42496K, used 3931K [0x00000000c0000000, 0x00000000c2980000, 0x00000000eab00000)
  object space 42496K, 9% used [0x00000000c0000000,0x00000000c03d6fc8,0x00000000c2980000)
 Metaspace       used 6429K, capacity 7128K, committed 7424K, reserved 1060864K
  class space    used 637K, capacity 656K, committed 768K, reserved 1048576K
Event: 46.158 GC heap after
Heap after GC invocations=3 (full 0):
 PSYoungGen      total 18432K, used 2552K [0x00000000eab00000, 0x00000000ecf00000, 0x0000000100000000)
  eden space 15872K, 0% used [0x00000000eab00000,0x00000000eab00000,0x00000000eba80000)
  from space 2560K, 99% used [0x00000000eba80000,0x00000000ebcfe010,0x00000000ebd00000)
  to   space 2560K, 0% used [0x00000000ecc80000,0x00000000ecc80000,0x00000000ecf00000)
 ParOldGen       total 42496K, used 6449K [0x00000000c0000000, 0x00000000c2980000, 0x00000000eab00000)
  object space 42496K, 15% used [0x00000000c0000000,0x00000000c064c4d8,0x00000000c2980000)
 Metaspace       used 6429K, capacity 7128K, committed 7424K, reserved 1060864K
  class space    used 637K, capacity 656K, committed 768K, reserved 1048576K
}

Deoptimization events (10 events):
Event: 42.714 Thread 0x000000000211f800 Uncommon trap: reason=bimorphic action=maybe_recompile pc=0x000000000261ad70 method=java.util.HashMap.getNode(ILjava/lang/Object;)Ljava/util/HashMap$Node; @ 59
Event: 43.095 Thread 0x00000000561c1000 Uncommon trap: reason=unstable_if action=reinterpret pc=0x00000000025d11c4 method=com.android.dx.rop.cst.Constant.compareTo(Lcom/android/dx/rop/cst/Constant;)I @ 12
Event: 43.652 Thread 0x00000000561b5000 Uncommon trap: reason=unstable_if action=reinterpret pc=0x000000000262471c method=com.android.dx.rop.code.RegisterSpecSet.put(Lcom/android/dx/rop/code/RegisterSpec;)V @ 77
Event: 43.652 Thread 0x00000000561b5000 Uncommon trap: reason=unstable_if action=reinterpret pc=0x000000000263e24c method=com.android.dx.rop.code.RegisterSpecSet.put(Lcom/android/dx/rop/code/RegisterSpec;)V @ 77
Event: 45.375 Thread 0x000000000211f800 Uncommon trap: reason=unstable_if action=reinterpret pc=0x000000000269175c method=java.util.concurrent.ConcurrentHashMap.get(Ljava/lang/Object;)Ljava/lang/Object; @ 138
Event: 46.336 Thread 0x00000000561ba000 Uncommon trap: reason=bimorphic action=maybe_recompile pc=0x00000000027ee308 method=com.android.dx.cf.code.BytecodeArray.parseInstruction(ILcom/android/dx/cf/code/BytecodeArray$Visitor;)I @ 939
Event: 46.337 Thread 0x00000000561ba000 Uncommon trap: reason=bimorphic action=maybe_recompile pc=0x00000000027ee308 method=com.android.dx.cf.code.BytecodeArray.parseInstruction(ILcom/android/dx/cf/code/BytecodeArray$Visitor;)I @ 939
Event: 46.337 Thread 0x00000000561ba000 Uncommon trap: reason=unstable_if action=reinterpret pc=0x000000000284ec24 method=com.android.dx.cf.code.RopperMachine.run(Lcom/android/dx/cf/code/Frame;II)V @ 1558
Event: 46.343 Thread 0x00000000561ba000 Uncommon trap: reason=bimorphic action=maybe_recompile pc=0x00000000027ee308 method=com.android.dx.cf.code.BytecodeArray.parseInstruction(ILcom/android/dx/cf/code/BytecodeArray$Visitor;)I @ 939
Event: 46.344 Thread 0x00000000561ba000 Uncommon trap: reason=bimorphic action=maybe_recompile pc=0x00000000027ee308 method=com.android.dx.cf.code.BytecodeArray.parseInstruction(ILcom/android/dx/cf/code/BytecodeArray$Visitor;)I @ 939

Internal exceptions (3 events):
Event: 2.009 Thread 0x000000000211f800 Exception <a 'java/lang/NoSuchMethodError': Method sun.misc.Unsafe.defineClass(Ljava/lang/String;[BII)Ljava/lang/Class; name or signature does not match> (0x00000000eab07ca8) thrown at [C:\re\workspace\8-2-build-windows-amd64-cygwin\jdk8u131\8869\hotspot\
Event: 2.009 Thread 0x000000000211f800 Exception <a 'java/lang/NoSuchMethodError': Method sun.misc.Unsafe.prefetchRead(Ljava/lang/Object;J)V name or signature does not match> (0x00000000eab07f90) thrown at [C:\re\workspace\8-2-build-windows-amd64-cygwin\jdk8u131\8869\hotspot\src\share\vm\prims
Event: 42.570 Thread 0x00000000561b5000 Implicit null exception at 0x00000000025692ab to 0x000000000256ab41

Events (10 events):
Event: 46.337 Thread 0x00000000561ba000 DEOPT UNPACKING pc=0x00000000022c582a sp=0x00000000573ce948 mode 2
Event: 46.337 Thread 0x00000000561ba000 Uncommon trap: trap_request=0xffffff65 fr.pc=0x000000000284ec24
Event: 46.337 Thread 0x00000000561ba000 DEOPT PACKING pc=0x000000000284ec24 sp=0x00000000573ce8d0
Event: 46.337 Thread 0x00000000561ba000 DEOPT UNPACKING pc=0x00000000022c582a sp=0x00000000573ce898 mode 2
Event: 46.343 Thread 0x00000000561ba000 Uncommon trap: trap_request=0xffffffc6 fr.pc=0x00000000027ee308
Event: 46.343 Thread 0x00000000561ba000 DEOPT PACKING pc=0x00000000027ee308 sp=0x00000000573cebe0
Event: 46.343 Thread 0x00000000561ba000 DEOPT UNPACKING pc=0x00000000022c582a sp=0x00000000573ceb78 mode 2
Event: 46.344 Thread 0x00000000561ba000 Uncommon trap: trap_request=0xffffffc6 fr.pc=0x00000000027ee308
Event: 46.344 Thread 0x00000000561ba000 DEOPT PACKING pc=0x00000000027ee308 sp=0x00000000573ce9b0
Event: 46.344 Thread 0x00000000561ba000 DEOPT UNPACKING pc=0x00000000022c582a sp=0x00000000573ce948 mode 2


Dynamic libraries:
0x000000013fc80000 - 0x000000013fcb7000 	E:\Program Files\Java\jdk1.8.0_131\bin\java.exe
0x0000000077670000 - 0x000000007780f000 	C:\Windows\SYSTEM32\ntdll.dll
0x0000000077550000 - 0x000000007766f000 	C:\Windows\system32\kernel32.dll
0x000007fefd4d0000 - 0x000007fefd537000 	C:\Windows\system32\KERNELBASE.dll
0x000007fefe160000 - 0x000007fefe23b000 	C:\Windows\system32\ADVAPI32.dll
0x000007feff6c0000 - 0x000007feff75f000 	C:\Windows\system32\msvcrt.dll
0x000007fefe370000 - 0x000007fefe38f000 	C:\Windows\SYSTEM32\sechost.dll
0x000007fefdcb0000 - 0x000007fefdddc000 	C:\Windows\system32\RPCRT4.dll
0x0000000077450000 - 0x000000007754a000 	C:\Windows\system32\USER32.dll
0x000007fefe280000 - 0x000007fefe2e7000 	C:\Windows\system32\GDI32.dll
0x000007fefe240000 - 0x000007fefe24e000 	C:\Windows\system32\LPK.dll
0x000007feff120000 - 0x000007feff1eb000 	C:\Windows\system32\USP10.dll
0x000007fefb790000 - 0x000007fefb985000 	C:\Windows\WinSxS\amd64_microsoft.windows.common-controls_6595b64144ccf1df_6.0.7601.24440_none_e36f1bbf30ff0606\COMCTL32.dll
0x000007fefe2f0000 - 0x000007fefe361000 	C:\Windows\system32\SHLWAPI.dll
0x000007fefe250000 - 0x000007fefe27e000 	C:\Windows\system32\IMM32.DLL
0x000007feff840000 - 0x000007feff94b000 	C:\Windows\system32\MSCTF.dll
0x000007fefd0f0000 - 0x000007fefd122000 	C:\Windows\system32\nvinitx.dll
0x000007fefd0e0000 - 0x000007fefd0ec000 	C:\Windows\system32\VERSION.dll
0x0000000074730000 - 0x0000000074736000 	C:\Program Files\NVIDIA Corporation\CoProcManager\detoured.dll
0x000007fef9b20000 - 0x000007fef9b58000 	C:\Program Files\NVIDIA Corporation\CoProcManager\nvd3d9wrapx.dll
0x000007fefdad0000 - 0x000007fefdca7000 	C:\Windows\system32\SETUPAPI.dll
0x000007fefd540000 - 0x000007fefd576000 	C:\Windows\system32\CFGMGR32.dll
0x000007fefdde0000 - 0x000007fefdebb000 	C:\Windows\system32\OLEAUT32.dll
0x000007feff4c0000 - 0x000007feff6bf000 	C:\Windows\system32\ole32.dll
0x000007fefd4b0000 - 0x000007fefd4ca000 	C:\Windows\system32\DEVOBJ.dll
0x000007fef9af0000 - 0x000007fef9b14000 	C:\Program Files\NVIDIA Corporation\CoProcManager\nvdxgiwrapx.dll
0x0000000061bf0000 - 0x0000000061cc2000 	E:\Program Files\Java\jdk1.8.0_131\jre\bin\msvcr100.dll
0x00000000634a0000 - 0x0000000063d3c000 	E:\Program Files\Java\jdk1.8.0_131\jre\bin\server\jvm.dll
0x000007fef59d0000 - 0x000007fef59d9000 	C:\Windows\system32\WSOCK32.dll
0x000007fefe050000 - 0x000007fefe09d000 	C:\Windows\system32\WS2_32.dll
0x000007feff950000 - 0x000007feff958000 	C:\Windows\system32\NSI.dll
0x000007fef9270000 - 0x000007fef92ab000 	C:\Windows\system32\WINMM.dll
0x0000000077820000 - 0x0000000077827000 	C:\Windows\system32\PSAPI.DLL
0x0000000073780000 - 0x000000007378f000 	E:\Program Files\Java\jdk1.8.0_131\jre\bin\verify.dll
0x000000006c930000 - 0x000000006c959000 	E:\Program Files\Java\jdk1.8.0_131\jre\bin\java.dll
0x000000006d100000 - 0x000000006d116000 	E:\Program Files\Java\jdk1.8.0_131\jre\bin\zip.dll
0x000007fefe390000 - 0x000007feff11b000 	C:\Windows\system32\SHELL32.dll
0x000007fefd1c0000 - 0x000007fefd1cf000 	C:\Windows\system32\profapi.dll

VM Arguments:
jvm_args: -Djava.awt.headless=true -Xmx1024M -Dfile.encoding=GBK -Duser.country=CN -Duser.language=zh -Duser.variant 
java_command: com.android.dx.command.Main --dex --num-threads=4 --output E:\Android\project\HelloWorld\app\build\intermediates\pre-dexed\debug\com.android.support-appcompat-v7-21.0.3_df51fd0027e21a500629443c35d71a53024f776c.jar E:\Android\project\HelloWorld\app\build\intermediates\exploded-aar\com.android.support\appcompat-v7\21.0.3\jars\classes.jar
java_class_path (initial): E:\Android\sdk\build-tools\29.0.3\lib\dx.jar
Launcher Type: SUN_STANDARD

Environment Variables:
JAVA_HOME=E:\Program Files\Java\jdk1.8.0_131
CLASSPATH=.;E:\Program Files\Java\jdk1.8.0_131\lib\dt.jar;E:\Program Files\Java\jdk1.8.0_131\lib\tools.jar 
PATH=C:\ProgramData\Oracle\Java\javapath;E:\Anaconda3;E:\Anaconda3\Library\mingw-w64\bin;E:\Anaconda3\Library\usr\bin;E:\Anaconda3\Library\bin;E:\Anaconda3\Scripts;E:\Program Files\Java\jdk1.8.0_131\BIN;E:\Program Files\Java\jdk1.8.0_131\jre\bin.c:\Program Files\MySQL\MySQL Server 8.0\shar\charsE:\Program Files\Java\jdk1.8.0_131\bin;E:\Program Files\Java\jdk1.8.0_131\JRE\bin.D:\MYSQL\mysql-8.0.13-winx64\bin;D:\Program Files\Microsoft SQL Server\120\DTS\Binn\;D:\Program Files\Microsoft SQL Server\Client SDK\ODBC\110\Tools\Binn\;D:\Program Files (x86)\Microsoft SQL Server\120\Tools\Binn\;D:\Program Files\Microsoft SQL Server\120\Tools\Binn\;D:\Program Files (x86)\Microsoft SQL Server\120\Tools\Binn\ManagementStudio\;D:\Program Files (x86)\Microsoft SQL Server\120\DTS\Binn\;D:\OpenCV\opencv\build\x64\vc10\bin;E:\Program Files\Java\jdk1.8.0_131\bin;E:\Program Files\Java\jdk1.8.0_131\jre\bin;D:\OpenCV\opencv\build\x86\vc10\bin;C:\Program Files (x86)\Graphviz2.38\bin;D:\MATLAB7\bin\win32;
USERNAME=Administrator
OS=Windows_NT
PROCESSOR_IDENTIFIER=Intel64 Family 6 Model 58 Stepping 9, GenuineIntel



---------------  S Y S T E M  ---------------

OS: Windows 7 , 64 bit Build 7601 (6.1.7601.24524)

CPU:total 4 (initial active 4) (2 cores per cpu, 2 threads per core) family 6 model 58 stepping 9, cmov, cx8, fxsr, mmx, sse, sse2, sse3, ssse3, sse4.1, sse4.2, popcnt, avx, aes, clmul, erms, ht, tsc, tscinvbit, tscinv

Memory: 4k page, physical 4028780k(179208k free), swap 8709508k(26568k free)

vm_info: Java HotSpot(TM) 64-Bit Server VM (25.131-b11) for windows-amd64 JRE (1.8.0_131-b11), built on Mar 15 2017 01:23:53 by "java_re" with MS VC++ 10.0 (VS2010)

time: Wed May 06 12:05:09 2020
elapsed time: 46 seconds (0d 0h 0m 46s)

